[2025-05-29 09:26:31.496] [INFO] [SYSTEM] - Logger inicializado | Archivo: 2025-05-29_process_092631.log
[2025-05-29 09:26:31.511] [INFO] [MAIN] - Iniciando proceso
[2025-05-29 09:26:38.395] [INFO] [AUTH] - Iniciando login | Hora de inicio: 09:26:38.395156 AM
[2025-05-29 09:26:39.859] [INFO] [AUTH] - Navegación: Seleccionado 'Monitor EDC'
[2025-05-29 09:26:41.001] [INFO] [AUTH] - Credenciales enviadas | 3395/t57973
[2025-05-29 09:26:43.160] [INFO] [AUTH] - Login exitoso | Redirección completada
[2025-05-29 09:26:44.508] [INFO] [DIARIA] - Preparando descarga diaria para 2025-05-28
[2025-05-29 09:26:44.539] [INFO] [DESCARGA] - Abriendo panel de filtros...
[2025-05-29 09:26:44.539] [INFO] [BUSCADOR] - Verificando visibilidad del panel de filtros...
[2025-05-29 09:26:44.555] [INFO] [BUSCADOR] - Panel de filtros está cerrado. Procediendo a abrir...
[2025-05-29 09:26:44.926] [INFO] [BUSCADOR] - Panel de filtros abierto correctamente.
[2025-05-29 09:26:44.926] [INFO] [DESCARGA] - Seleccionando cadena CHEDRAUI...
[2025-05-29 09:26:44.981] [INFO] [DESCARGA] - Configurando filtros para 2025-05-28 a 2025-05-28
[2025-05-29 09:26:44.982] [INFO] [BUSCADOR] - Configurando fechas: desde='2025-05-28', hasta='2025-05-28'
[2025-05-29 09:26:45.524] [INFO] [BUSCADOR] - Fechas establecidas en el DOM: desde='2025-05-28', hasta='2025-05-28'
[2025-05-29 09:26:45.525] [INFO] [DESCARGA] - Ejecutando búsqueda...
[2025-05-29 09:26:51.084] [INFO] [BUSCADOR] - Configurando paginación a 'Todos'
[2025-05-29 09:26:52.213] [INFO] [DESCARGA] - Iniciando descarga en \\10.79.1.210\Users\ricardo.puentes\Downloads\OC_por_dia\2025-05-28
[2025-05-29 09:26:52.213] [DEBUG] [DOWNLOAD] - Parámetros recibidos: Carpeta=\\10.79.1.210\Users\ricardo.puentes\Downloads\OC_por_dia\2025-05-28 | Fechas=2025-05-28→2025-05-28
[2025-05-29 09:26:53.634] [INFO] [DOWNLOAD] - Iniciando descarga de 9 archivos
[2025-05-29 09:26:53.981] [INFO] [DOWNLOAD] - OC X3DF4W descargada directamente
[2025-05-29 09:26:55.329] [INFO] [DOWNLOAD] - OC X3DF6M descargada directamente
[2025-05-29 09:26:56.643] [INFO] [DOWNLOAD] - OC X3DF95 descargada directamente
[2025-05-29 09:26:57.938] [INFO] [DOWNLOAD] - OC X3DFC0 descargada directamente
[2025-05-29 09:26:59.287] [INFO] [DOWNLOAD] - OC X3DFDF descargada directamente
[2025-05-29 09:27:00.595] [INFO] [DOWNLOAD] - OC X3DFF8 descargada directamente
[2025-05-29 09:27:01.908] [INFO] [DOWNLOAD] - OC X3DFI4 descargada directamente
[2025-05-29 09:27:03.203] [INFO] [DOWNLOAD] - OC X3DFO0 descargada directamente
[2025-05-29 09:27:04.560] [INFO] [DOWNLOAD] - OC X3DFU9 descargada directamente
[2025-05-29 09:27:06.445] [INFO] [DOWNLOAD] - Descarga completada en \\10.79.1.210\Users\ricardo.puentes\Downloads\OC_por_dia\2025-05-28
[2025-05-29 09:27:06.445] [INFO] [DESCARGA] - Proceso de descarga completado
[2025-05-29 09:27:06.445] [INFO] [DIARIA] - Descarga diaria completada
[2025-05-29 09:27:07.836] [INFO] [MAIN] - Proceso completado exitosamente
